2025-05-26T02:24:32.750+05:30  INFO 238735 --- [authenticationService] [restartedMain] c.s.AuthenticationServiceApplication     : Starting AuthenticationServiceApplication using Java 17.0.15 with PID 238735 (/home/microhawk/Downloads/Hotel-management-system-backend/authenticationService/target/classes started by microhawk in /home/microhawk/Downloads/Hotel-management-system-backend/authenticationService)
2025-05-26T02:24:32.754+05:30  INFO 238735 --- [authenticationService] [restartedMain] c.s.AuthenticationServiceApplication     : No active profile set, falling back to 1 default profile: "default"
2025-05-26T02:24:32.788+05:30  INFO 238735 --- [authenticationService] [restartedMain] .e.DevToolsPropertyDefaultsPostProcessor : Devtools property defaults active! Set 'spring.devtools.add-properties' to 'false' to disable
2025-05-26T02:24:32.788+05:30  INFO 238735 --- [authenticationService] [restartedMain] .e.DevToolsPropertyDefaultsPostProcessor : For additional web related logging consider setting the 'logging.level.web' property to 'DEBUG'
2025-05-26T02:24:33.319+05:30  INFO 238735 --- [authenticationService] [restartedMain] .s.d.r.c.RepositoryConfigurationDelegate : Bootstrapping Spring Data JPA repositories in DEFAULT mode.
2025-05-26T02:24:33.414+05:30  INFO 238735 --- [authenticationService] [restartedMain] .s.d.r.c.RepositoryConfigurationDelegate : Finished Spring Data repository scanning in 89 ms. Found 1 JPA repository interface.
2025-05-26T02:24:33.586+05:30  INFO 238735 --- [authenticationService] [restartedMain] o.s.cloud.context.scope.GenericScope     : BeanFactory id=67b2cc23-c951-37e1-8842-1ddff0ed8a23
2025-05-26T02:24:33.945+05:30  INFO 238735 --- [authenticationService] [restartedMain] o.s.b.w.embedded.tomcat.TomcatWebServer  : Tomcat initialized with port 8005 (http)
2025-05-26T02:24:33.954+05:30  INFO 238735 --- [authenticationService] [restartedMain] o.apache.catalina.core.StandardService   : Starting service [Tomcat]
2025-05-26T02:24:33.955+05:30  INFO 238735 --- [authenticationService] [restartedMain] o.apache.catalina.core.StandardEngine    : Starting Servlet engine: [Apache Tomcat/10.1.39]
2025-05-26T02:24:33.986+05:30  INFO 238735 --- [authenticationService] [restartedMain] o.a.c.c.C.[Tomcat].[localhost].[/]       : Initializing Spring embedded WebApplicationContext
2025-05-26T02:24:33.986+05:30  INFO 238735 --- [authenticationService] [restartedMain] w.s.c.ServletWebServerApplicationContext : Root WebApplicationContext: initialization completed in 1198 ms
2025-05-26T02:24:34.298+05:30  INFO 238735 --- [authenticationService] [restartedMain] o.s.o.j.p.SpringPersistenceUnitInfo      : No LoadTimeWeaver setup: ignoring JPA class transformer
2025-05-26T02:24:34.317+05:30  INFO 238735 --- [authenticationService] [restartedMain] com.zaxxer.hikari.HikariDataSource       : HikariPool-1 - Starting...
2025-05-26T02:24:34.505+05:30  INFO 238735 --- [authenticationService] [restartedMain] com.zaxxer.hikari.pool.HikariPool        : HikariPool-1 - Added connection com.mysql.cj.jdbc.ConnectionImpl@45c4a2a6
2025-05-26T02:24:34.506+05:30  INFO 238735 --- [authenticationService] [restartedMain] com.zaxxer.hikari.HikariDataSource       : HikariPool-1 - Start completed.
2025-05-26T02:24:35.120+05:30  INFO 238735 --- [authenticationService] [restartedMain] j.LocalContainerEntityManagerFactoryBean : Initialized JPA EntityManagerFactory for persistence unit 'default'
2025-05-26T02:24:35.395+05:30  INFO 238735 --- [authenticationService] [restartedMain] eAuthenticationProviderManagerConfigurer : Global AuthenticationManager configured with AuthenticationProvider bean with name authenticationProvider
2025-05-26T02:24:35.396+05:30  WARN 238735 --- [authenticationService] [restartedMain] r$InitializeUserDetailsManagerConfigurer : Global AuthenticationManager configured with an AuthenticationProvider bean. UserDetailsService beans will not be used by Spring Security for automatically configuring username/password login. Consider removing the AuthenticationProvider bean. Alternatively, consider using the UserDetailsService in a manually instantiated DaoAuthenticationProvider. If the current configuration is intentional, to turn off this warning, increase the logging level of 'org.springframework.security.config.annotation.authentication.configuration.InitializeUserDetailsBeanManagerConfigurer' to ERROR
2025-05-26T02:24:35.514+05:30  WARN 238735 --- [authenticationService] [restartedMain] JpaBaseConfiguration$JpaWebConfiguration : spring.jpa.open-in-view is enabled by default. Therefore, database queries may be performed during view rendering. Explicitly configure spring.jpa.open-in-view to disable this warning
2025-05-26T02:24:35.799+05:30  INFO 238735 --- [authenticationService] [restartedMain] o.s.v.b.OptionalValidatorFactoryBean     : Failed to set up a Bean Validation provider: jakarta.validation.NoProviderFoundException: Unable to create a Configuration, because no Jakarta Bean Validation provider could be found. Add a provider like Hibernate Validator (RI) to your classpath.
2025-05-26T02:24:35.992+05:30  WARN 238735 --- [authenticationService] [restartedMain] o.s.b.d.a.OptionalLiveReloadServer       : Unable to start LiveReload server
2025-05-26T02:24:36.058+05:30  INFO 238735 --- [authenticationService] [restartedMain] DiscoveryClientOptionalArgsConfiguration : Eureka HTTP Client uses RestTemplate.
2025-05-26T02:24:36.087+05:30  WARN 238735 --- [authenticationService] [restartedMain] iguration$LoadBalancerCaffeineWarnLogger : Spring Cloud LoadBalancer is currently working with the default cache. While this cache implementation is useful for development and tests, it's recommended to use Caffeine cache in production.You can switch to using Caffeine cache, by adding it and org.springframework.cache.caffeine.CaffeineCacheManager to the classpath.
2025-05-26T02:24:36.105+05:30  INFO 238735 --- [authenticationService] [restartedMain] o.s.c.n.eureka.InstanceInfoFactory       : Setting initial instance status as: STARTING
2025-05-26T02:24:36.119+05:30  INFO 238735 --- [authenticationService] [restartedMain] com.netflix.discovery.DiscoveryClient    : Initializing Eureka in region us-east-1
2025-05-26T02:24:36.121+05:30  INFO 238735 --- [authenticationService] [restartedMain] c.n.d.s.r.aws.ConfigClusterResolver      : Resolving eureka endpoints via configuration
2025-05-26T02:24:36.126+05:30  INFO 238735 --- [authenticationService] [restartedMain] com.netflix.discovery.DiscoveryClient    : Disable delta property : false
2025-05-26T02:24:36.127+05:30  INFO 238735 --- [authenticationService] [restartedMain] com.netflix.discovery.DiscoveryClient    : Single vip registry refresh property : null
2025-05-26T02:24:36.127+05:30  INFO 238735 --- [authenticationService] [restartedMain] com.netflix.discovery.DiscoveryClient    : Force full registry fetch : false
2025-05-26T02:24:36.127+05:30  INFO 238735 --- [authenticationService] [restartedMain] com.netflix.discovery.DiscoveryClient    : Application is null : false
2025-05-26T02:24:36.127+05:30  INFO 238735 --- [authenticationService] [restartedMain] com.netflix.discovery.DiscoveryClient    : Registered Applications size is zero : true
2025-05-26T02:24:36.127+05:30  INFO 238735 --- [authenticationService] [restartedMain] com.netflix.discovery.DiscoveryClient    : Application version is -1: true
2025-05-26T02:24:36.127+05:30  INFO 238735 --- [authenticationService] [restartedMain] com.netflix.discovery.DiscoveryClient    : Getting all instance registry info from the eureka server
2025-05-26T02:24:36.315+05:30  INFO 238735 --- [authenticationService] [restartedMain] com.netflix.discovery.DiscoveryClient    : The response status is 200
2025-05-26T02:24:36.316+05:30  INFO 238735 --- [authenticationService] [restartedMain] com.netflix.discovery.DiscoveryClient    : Starting heartbeat executor: renew interval is: 30
2025-05-26T02:24:36.317+05:30  INFO 238735 --- [authenticationService] [restartedMain] c.n.discovery.InstanceInfoReplicator     : InstanceInfoReplicator onDemand update allowed rate per min is 4
2025-05-26T02:24:36.319+05:30  INFO 238735 --- [authenticationService] [restartedMain] com.netflix.discovery.DiscoveryClient    : Discovery Client initialized at timestamp 1748206476318 with initial instances count: 1
2025-05-26T02:24:36.323+05:30  INFO 238735 --- [authenticationService] [restartedMain] o.s.c.n.e.s.EurekaServiceRegistry        : Registering application AUTHENTICATIONSERVICE with eureka with status UP
2025-05-26T02:24:36.323+05:30  INFO 238735 --- [authenticationService] [restartedMain] com.netflix.discovery.DiscoveryClient    : Saw local status change event StatusChangeEvent [timestamp=1748206476323, current=UP, previous=STARTING]
2025-05-26T02:24:36.324+05:30  INFO 238735 --- [authenticationService] [DiscoveryClient-InstanceInfoReplicator-%d] com.netflix.discovery.DiscoveryClient    : DiscoveryClient_AUTHENTICATIONSERVICE/192.168.1.13:authenticationService:8005: registering service...
2025-05-26T02:24:36.333+05:30  INFO 238735 --- [authenticationService] [restartedMain] o.s.b.w.embedded.tomcat.TomcatWebServer  : Tomcat started on port 8005 (http) with context path '/'
2025-05-26T02:24:36.334+05:30  INFO 238735 --- [authenticationService] [restartedMain] .s.c.n.e.s.EurekaAutoServiceRegistration : Updating port to 8005
2025-05-26T02:24:36.343+05:30  INFO 238735 --- [authenticationService] [restartedMain] c.s.AuthenticationServiceApplication     : Started AuthenticationServiceApplication in 3.879 seconds (process running for 4.217)
2025-05-26T02:24:36.351+05:30  INFO 238735 --- [authenticationService] [DiscoveryClient-InstanceInfoReplicator-%d] com.netflix.discovery.DiscoveryClient    : DiscoveryClient_AUTHENTICATIONSERVICE/192.168.1.13:authenticationService:8005 - registration status: 204
2025-05-26T02:27:48.736+05:30  INFO 238735 --- [authenticationService] [http-nio-8005-exec-1] o.a.c.c.C.[Tomcat].[localhost].[/]       : Initializing Spring DispatcherServlet 'dispatcherServlet'
2025-05-26T02:27:48.736+05:30  INFO 238735 --- [authenticationService] [http-nio-8005-exec-1] o.s.web.servlet.DispatcherServlet        : Initializing Servlet 'dispatcherServlet'
2025-05-26T02:27:48.737+05:30  INFO 238735 --- [authenticationService] [http-nio-8005-exec-1] o.s.web.servlet.DispatcherServlet        : Completed initialization in 1 ms
2025-05-26T02:27:48.777+05:30  INFO 238735 --- [authenticationService] [http-nio-8005-exec-2] com.spring.controller.AuthController     : Token generation attempt for user: microhawk
2025-05-26T02:27:49.034+05:30  INFO 238735 --- [authenticationService] [http-nio-8005-exec-2] com.spring.service.AuthService           : Request received to generate token for username: microhawk
2025-05-26T02:27:49.049+05:30  INFO 238735 --- [authenticationService] [http-nio-8005-exec-2] com.spring.service.AuthService           : Token generated for username: microhawk
2025-05-26T02:27:49.049+05:30  INFO 238735 --- [authenticationService] [http-nio-8005-exec-2] com.spring.controller.AuthController     : Token generated successfully for user: microhawk
2025-05-26T02:29:36.128+05:30  INFO 238735 --- [authenticationService] [AsyncResolver-bootstrap-executor-%d] c.n.d.s.r.aws.ConfigClusterResolver      : Resolving eureka endpoints via configuration
2025-05-26T02:31:31.563+05:30  INFO 238735 --- [authenticationService] [http-nio-8005-exec-5] com.spring.controller.AuthController     : Token generation attempt for user: microhawk
2025-05-26T02:31:31.641+05:30  INFO 238735 --- [authenticationService] [http-nio-8005-exec-5] com.spring.service.AuthService           : Request received to generate token for username: microhawk
2025-05-26T02:31:31.642+05:30  INFO 238735 --- [authenticationService] [http-nio-8005-exec-5] com.spring.service.AuthService           : Token generated for username: microhawk
2025-05-26T02:31:31.642+05:30  INFO 238735 --- [authenticationService] [http-nio-8005-exec-5] com.spring.controller.AuthController     : Token generated successfully for user: microhawk
2025-05-26T02:32:56.679+05:30  INFO 238735 --- [authenticationService] [http-nio-8005-exec-8] c.s.controller.DepartmentController      : Fetching list of departments.
2025-05-26T02:32:57.079+05:30  INFO 238735 --- [authenticationService] [http-nio-8005-exec-8] c.s.controller.DepartmentController      : Fetched 0 departments.
2025-05-26T02:34:36.128+05:30  INFO 238735 --- [authenticationService] [AsyncResolver-bootstrap-executor-%d] c.n.d.s.r.aws.ConfigClusterResolver      : Resolving eureka endpoints via configuration
2025-05-26T02:35:09.639+05:30  INFO 238735 --- [authenticationService] [http-nio-8005-exec-10] com.spring.controller.AuthController     : Token generation attempt for user: microhawk
2025-05-26T02:35:09.735+05:30  INFO 238735 --- [authenticationService] [http-nio-8005-exec-10] com.spring.service.AuthService           : Request received to generate token for username: microhawk
2025-05-26T02:35:09.736+05:30  INFO 238735 --- [authenticationService] [http-nio-8005-exec-10] com.spring.service.AuthService           : Token generated for username: microhawk
2025-05-26T02:35:09.736+05:30  INFO 238735 --- [authenticationService] [http-nio-8005-exec-10] com.spring.controller.AuthController     : Token generated successfully for user: microhawk
2025-05-26T02:39:36.129+05:30  INFO 238735 --- [authenticationService] [AsyncResolver-bootstrap-executor-%d] c.n.d.s.r.aws.ConfigClusterResolver      : Resolving eureka endpoints via configuration
2025-05-26T02:40:01.149+05:30  INFO 238735 --- [authenticationService] [http-nio-8005-exec-2] com.spring.controller.AuthController     : Token generation attempt for user: microhawk
2025-05-26T02:40:01.236+05:30  INFO 238735 --- [authenticationService] [http-nio-8005-exec-2] com.spring.service.AuthService           : Request received to generate token for username: microhawk
2025-05-26T02:40:01.237+05:30  INFO 238735 --- [authenticationService] [http-nio-8005-exec-2] com.spring.service.AuthService           : Token generated for username: microhawk
2025-05-26T02:40:01.237+05:30  INFO 238735 --- [authenticationService] [http-nio-8005-exec-2] com.spring.controller.AuthController     : Token generated successfully for user: microhawk
2025-05-26T02:42:07.742+05:30  INFO 238735 --- [authenticationService] [http-nio-8005-exec-4] com.spring.controller.AuthController     : Token generation attempt for user: microhawk
2025-05-26T02:42:07.825+05:30  INFO 238735 --- [authenticationService] [http-nio-8005-exec-4] com.spring.service.AuthService           : Request received to generate token for username: microhawk
2025-05-26T02:42:07.826+05:30  INFO 238735 --- [authenticationService] [http-nio-8005-exec-4] com.spring.service.AuthService           : Token generated for username: microhawk
2025-05-26T02:42:07.826+05:30  INFO 238735 --- [authenticationService] [http-nio-8005-exec-4] com.spring.controller.AuthController     : Token generated successfully for user: microhawk
2025-05-26T02:43:16.675+05:30  INFO 238735 --- [authenticationService] [http-nio-8005-exec-6] c.s.controller.DepartmentController      : Fetching list of departments.
2025-05-26T02:43:16.690+05:30  INFO 238735 --- [authenticationService] [http-nio-8005-exec-6] c.s.controller.DepartmentController      : Fetched 0 departments.
2025-05-26T02:44:36.129+05:30  INFO 238735 --- [authenticationService] [AsyncResolver-bootstrap-executor-%d] c.n.d.s.r.aws.ConfigClusterResolver      : Resolving eureka endpoints via configuration
2025-05-26T02:49:36.130+05:30  INFO 238735 --- [authenticationService] [AsyncResolver-bootstrap-executor-%d] c.n.d.s.r.aws.ConfigClusterResolver      : Resolving eureka endpoints via configuration
2025-05-26T02:54:25.449+05:30  INFO 238735 --- [authenticationService] [SpringApplicationShutdownHook] o.s.c.n.e.s.EurekaServiceRegistry        : Unregistering application AUTHENTICATIONSERVICE with eureka with status DOWN
2025-05-26T02:54:25.449+05:30  INFO 238735 --- [authenticationService] [SpringApplicationShutdownHook] com.netflix.discovery.DiscoveryClient    : Saw local status change event StatusChangeEvent [timestamp=1748208265449, current=DOWN, previous=UP]
2025-05-26T02:54:25.449+05:30  INFO 238735 --- [authenticationService] [DiscoveryClient-InstanceInfoReplicator-%d] com.netflix.discovery.DiscoveryClient    : DiscoveryClient_AUTHENTICATIONSERVICE/192.168.1.13:authenticationService:8005: registering service...
2025-05-26T02:54:25.451+05:30  INFO 238735 --- [authenticationService] [SpringApplicationShutdownHook] o.s.b.w.e.tomcat.GracefulShutdown        : Commencing graceful shutdown. Waiting for active requests to complete
2025-05-26T02:54:25.452+05:30  INFO 238735 --- [authenticationService] [tomcat-shutdown] o.s.b.w.e.tomcat.GracefulShutdown        : Graceful shutdown complete
2025-05-26T02:54:25.455+05:30  INFO 238735 --- [authenticationService] [DiscoveryClient-InstanceInfoReplicator-%d] com.netflix.discovery.DiscoveryClient    : DiscoveryClient_AUTHENTICATIONSERVICE/192.168.1.13:authenticationService:8005 - registration status: 204
2025-05-26T02:54:25.456+05:30  INFO 238735 --- [authenticationService] [SpringApplicationShutdownHook] j.LocalContainerEntityManagerFactoryBean : Closing JPA EntityManagerFactory for persistence unit 'default'
2025-05-26T02:54:25.458+05:30  INFO 238735 --- [authenticationService] [SpringApplicationShutdownHook] com.zaxxer.hikari.HikariDataSource       : HikariPool-1 - Shutdown initiated...
2025-05-26T02:54:25.461+05:30  INFO 238735 --- [authenticationService] [SpringApplicationShutdownHook] com.zaxxer.hikari.HikariDataSource       : HikariPool-1 - Shutdown completed.
2025-05-26T02:54:25.461+05:30  INFO 238735 --- [authenticationService] [SpringApplicationShutdownHook] com.netflix.discovery.DiscoveryClient    : Shutting down DiscoveryClient ...
2025-05-26T02:54:28.462+05:30  INFO 238735 --- [authenticationService] [SpringApplicationShutdownHook] com.netflix.discovery.DiscoveryClient    : Unregistering ...
2025-05-26T02:54:28.466+05:30  INFO 238735 --- [authenticationService] [SpringApplicationShutdownHook] com.netflix.discovery.DiscoveryClient    : DiscoveryClient_AUTHENTICATIONSERVICE/192.168.1.13:authenticationService:8005 - deregister  status: 200
2025-05-26T02:54:28.467+05:30  INFO 238735 --- [authenticationService] [SpringApplicationShutdownHook] com.netflix.discovery.DiscoveryClient    : Completed shut down of DiscoveryClient
2025-05-26T02:54:40.457+05:30  INFO 251197 --- [authenticationService] [restartedMain] c.s.AuthenticationServiceApplication     : Starting AuthenticationServiceApplication using Java 17.0.15 with PID 251197 (/home/microhawk/Downloads/Hotel-management-system-backend/authenticationService/target/classes started by microhawk in /home/microhawk/Downloads/Hotel-management-system-backend/authenticationService)
2025-05-26T02:54:40.460+05:30  INFO 251197 --- [authenticationService] [restartedMain] c.s.AuthenticationServiceApplication     : No active profile set, falling back to 1 default profile: "default"
2025-05-26T02:54:40.494+05:30  INFO 251197 --- [authenticationService] [restartedMain] .e.DevToolsPropertyDefaultsPostProcessor : Devtools property defaults active! Set 'spring.devtools.add-properties' to 'false' to disable
2025-05-26T02:54:40.495+05:30  INFO 251197 --- [authenticationService] [restartedMain] .e.DevToolsPropertyDefaultsPostProcessor : For additional web related logging consider setting the 'logging.level.web' property to 'DEBUG'
2025-05-26T02:54:41.117+05:30  INFO 251197 --- [authenticationService] [restartedMain] .s.d.r.c.RepositoryConfigurationDelegate : Bootstrapping Spring Data JPA repositories in DEFAULT mode.
2025-05-26T02:54:41.210+05:30  INFO 251197 --- [authenticationService] [restartedMain] .s.d.r.c.RepositoryConfigurationDelegate : Finished Spring Data repository scanning in 87 ms. Found 1 JPA repository interface.
2025-05-26T02:54:41.390+05:30  INFO 251197 --- [authenticationService] [restartedMain] o.s.cloud.context.scope.GenericScope     : BeanFactory id=67b2cc23-c951-37e1-8842-1ddff0ed8a23
2025-05-26T02:54:41.864+05:30  INFO 251197 --- [authenticationService] [restartedMain] o.s.b.w.embedded.tomcat.TomcatWebServer  : Tomcat initialized with port 8005 (http)
2025-05-26T02:54:41.873+05:30  INFO 251197 --- [authenticationService] [restartedMain] o.apache.catalina.core.StandardService   : Starting service [Tomcat]
2025-05-26T02:54:41.874+05:30  INFO 251197 --- [authenticationService] [restartedMain] o.apache.catalina.core.StandardEngine    : Starting Servlet engine: [Apache Tomcat/10.1.39]
2025-05-26T02:54:41.902+05:30  INFO 251197 --- [authenticationService] [restartedMain] o.a.c.c.C.[Tomcat].[localhost].[/]       : Initializing Spring embedded WebApplicationContext
2025-05-26T02:54:41.903+05:30  INFO 251197 --- [authenticationService] [restartedMain] w.s.c.ServletWebServerApplicationContext : Root WebApplicationContext: initialization completed in 1408 ms
2025-05-26T02:54:42.231+05:30  INFO 251197 --- [authenticationService] [restartedMain] o.s.o.j.p.SpringPersistenceUnitInfo      : No LoadTimeWeaver setup: ignoring JPA class transformer
2025-05-26T02:54:42.256+05:30  INFO 251197 --- [authenticationService] [restartedMain] com.zaxxer.hikari.HikariDataSource       : HikariPool-1 - Starting...
2025-05-26T02:54:42.444+05:30  INFO 251197 --- [authenticationService] [restartedMain] com.zaxxer.hikari.pool.HikariPool        : HikariPool-1 - Added connection com.mysql.cj.jdbc.ConnectionImpl@4d982858
2025-05-26T02:54:42.445+05:30  INFO 251197 --- [authenticationService] [restartedMain] com.zaxxer.hikari.HikariDataSource       : HikariPool-1 - Start completed.
2025-05-26T02:54:43.079+05:30  INFO 251197 --- [authenticationService] [restartedMain] j.LocalContainerEntityManagerFactoryBean : Initialized JPA EntityManagerFactory for persistence unit 'default'
2025-05-26T02:54:43.373+05:30  INFO 251197 --- [authenticationService] [restartedMain] eAuthenticationProviderManagerConfigurer : Global AuthenticationManager configured with AuthenticationProvider bean with name authenticationProvider
2025-05-26T02:54:43.374+05:30  WARN 251197 --- [authenticationService] [restartedMain] r$InitializeUserDetailsManagerConfigurer : Global AuthenticationManager configured with an AuthenticationProvider bean. UserDetailsService beans will not be used by Spring Security for automatically configuring username/password login. Consider removing the AuthenticationProvider bean. Alternatively, consider using the UserDetailsService in a manually instantiated DaoAuthenticationProvider. If the current configuration is intentional, to turn off this warning, increase the logging level of 'org.springframework.security.config.annotation.authentication.configuration.InitializeUserDetailsBeanManagerConfigurer' to ERROR
2025-05-26T02:54:43.521+05:30  WARN 251197 --- [authenticationService] [restartedMain] JpaBaseConfiguration$JpaWebConfiguration : spring.jpa.open-in-view is enabled by default. Therefore, database queries may be performed during view rendering. Explicitly configure spring.jpa.open-in-view to disable this warning
2025-05-26T02:54:43.876+05:30  INFO 251197 --- [authenticationService] [restartedMain] o.s.v.b.OptionalValidatorFactoryBean     : Failed to set up a Bean Validation provider: jakarta.validation.NoProviderFoundException: Unable to create a Configuration, because no Jakarta Bean Validation provider could be found. Add a provider like Hibernate Validator (RI) to your classpath.
2025-05-26T02:54:44.098+05:30  WARN 251197 --- [authenticationService] [restartedMain] o.s.b.d.a.OptionalLiveReloadServer       : Unable to start LiveReload server
2025-05-26T02:54:44.160+05:30  INFO 251197 --- [authenticationService] [restartedMain] DiscoveryClientOptionalArgsConfiguration : Eureka HTTP Client uses RestTemplate.
2025-05-26T02:54:44.196+05:30  WARN 251197 --- [authenticationService] [restartedMain] iguration$LoadBalancerCaffeineWarnLogger : Spring Cloud LoadBalancer is currently working with the default cache. While this cache implementation is useful for development and tests, it's recommended to use Caffeine cache in production.You can switch to using Caffeine cache, by adding it and org.springframework.cache.caffeine.CaffeineCacheManager to the classpath.
2025-05-26T02:54:44.217+05:30  INFO 251197 --- [authenticationService] [restartedMain] o.s.c.n.eureka.InstanceInfoFactory       : Setting initial instance status as: STARTING
2025-05-26T02:54:44.234+05:30  INFO 251197 --- [authenticationService] [restartedMain] com.netflix.discovery.DiscoveryClient    : Initializing Eureka in region us-east-1
2025-05-26T02:54:44.239+05:30  INFO 251197 --- [authenticationService] [restartedMain] c.n.d.s.r.aws.ConfigClusterResolver      : Resolving eureka endpoints via configuration
2025-05-26T02:54:44.247+05:30  INFO 251197 --- [authenticationService] [restartedMain] com.netflix.discovery.DiscoveryClient    : Disable delta property : false
2025-05-26T02:54:44.247+05:30  INFO 251197 --- [authenticationService] [restartedMain] com.netflix.discovery.DiscoveryClient    : Single vip registry refresh property : null
2025-05-26T02:54:44.247+05:30  INFO 251197 --- [authenticationService] [restartedMain] com.netflix.discovery.DiscoveryClient    : Force full registry fetch : false
2025-05-26T02:54:44.247+05:30  INFO 251197 --- [authenticationService] [restartedMain] com.netflix.discovery.DiscoveryClient    : Application is null : false
2025-05-26T02:54:44.247+05:30  INFO 251197 --- [authenticationService] [restartedMain] com.netflix.discovery.DiscoveryClient    : Registered Applications size is zero : true
2025-05-26T02:54:44.247+05:30  INFO 251197 --- [authenticationService] [restartedMain] com.netflix.discovery.DiscoveryClient    : Application version is -1: true
2025-05-26T02:54:44.247+05:30  INFO 251197 --- [authenticationService] [restartedMain] com.netflix.discovery.DiscoveryClient    : Getting all instance registry info from the eureka server
2025-05-26T02:54:44.498+05:30  INFO 251197 --- [authenticationService] [restartedMain] com.netflix.discovery.DiscoveryClient    : The response status is 200
2025-05-26T02:54:44.499+05:30  INFO 251197 --- [authenticationService] [restartedMain] com.netflix.discovery.DiscoveryClient    : Starting heartbeat executor: renew interval is: 30
2025-05-26T02:54:44.501+05:30  INFO 251197 --- [authenticationService] [restartedMain] c.n.discovery.InstanceInfoReplicator     : InstanceInfoReplicator onDemand update allowed rate per min is 4
2025-05-26T02:54:44.503+05:30  INFO 251197 --- [authenticationService] [restartedMain] com.netflix.discovery.DiscoveryClient    : Discovery Client initialized at timestamp 1748208284503 with initial instances count: 6
2025-05-26T02:54:44.508+05:30  INFO 251197 --- [authenticationService] [restartedMain] o.s.c.n.e.s.EurekaServiceRegistry        : Registering application AUTHENTICATIONSERVICE with eureka with status UP
2025-05-26T02:54:44.508+05:30  INFO 251197 --- [authenticationService] [restartedMain] com.netflix.discovery.DiscoveryClient    : Saw local status change event StatusChangeEvent [timestamp=1748208284508, current=UP, previous=STARTING]
2025-05-26T02:54:44.510+05:30  INFO 251197 --- [authenticationService] [DiscoveryClient-InstanceInfoReplicator-%d] com.netflix.discovery.DiscoveryClient    : DiscoveryClient_AUTHENTICATIONSERVICE/192.168.1.13:authenticationService:8005: registering service...
2025-05-26T02:54:44.520+05:30  INFO 251197 --- [authenticationService] [restartedMain] o.s.b.w.embedded.tomcat.TomcatWebServer  : Tomcat started on port 8005 (http) with context path '/'
2025-05-26T02:54:44.521+05:30  INFO 251197 --- [authenticationService] [restartedMain] .s.c.n.e.s.EurekaAutoServiceRegistration : Updating port to 8005
2025-05-26T02:54:44.532+05:30  INFO 251197 --- [authenticationService] [restartedMain] c.s.AuthenticationServiceApplication     : Started AuthenticationServiceApplication in 4.404 seconds (process running for 4.808)
2025-05-26T02:54:44.539+05:30  INFO 251197 --- [authenticationService] [DiscoveryClient-InstanceInfoReplicator-%d] com.netflix.discovery.DiscoveryClient    : DiscoveryClient_AUTHENTICATIONSERVICE/192.168.1.13:authenticationService:8005 - registration status: 204
2025-05-26T02:54:57.747+05:30  INFO 251197 --- [authenticationService] [http-nio-8005-exec-1] o.a.c.c.C.[Tomcat].[localhost].[/]       : Initializing Spring DispatcherServlet 'dispatcherServlet'
2025-05-26T02:54:57.747+05:30  INFO 251197 --- [authenticationService] [http-nio-8005-exec-1] o.s.web.servlet.DispatcherServlet        : Initializing Servlet 'dispatcherServlet'
2025-05-26T02:54:57.749+05:30  INFO 251197 --- [authenticationService] [http-nio-8005-exec-1] o.s.web.servlet.DispatcherServlet        : Completed initialization in 2 ms
2025-05-26T02:54:57.790+05:30  INFO 251197 --- [authenticationService] [http-nio-8005-exec-2] com.spring.controller.AuthController     : Token generation attempt for user: microhawk
2025-05-26T02:54:58.046+05:30  INFO 251197 --- [authenticationService] [http-nio-8005-exec-2] com.spring.service.AuthService           : Request received to generate token for username: microhawk
2025-05-26T02:54:58.068+05:30  INFO 251197 --- [authenticationService] [http-nio-8005-exec-2] com.spring.service.AuthService           : Token generated for username: microhawk
2025-05-26T02:54:58.068+05:30  INFO 251197 --- [authenticationService] [http-nio-8005-exec-2] com.spring.controller.AuthController     : Token generated successfully for user: microhawk
2025-05-26T02:59:44.249+05:30  INFO 251197 --- [authenticationService] [AsyncResolver-bootstrap-executor-%d] c.n.d.s.r.aws.ConfigClusterResolver      : Resolving eureka endpoints via configuration
2025-05-26T03:00:00.601+05:30  INFO 251197 --- [authenticationService] [http-nio-8005-exec-4] com.spring.controller.AuthController     : Token generation attempt for user: microhawk
2025-05-26T03:00:00.689+05:30  INFO 251197 --- [authenticationService] [http-nio-8005-exec-4] com.spring.service.AuthService           : Request received to generate token for username: microhawk
2025-05-26T03:00:00.690+05:30  INFO 251197 --- [authenticationService] [http-nio-8005-exec-4] com.spring.service.AuthService           : Token generated for username: microhawk
2025-05-26T03:00:00.690+05:30  INFO 251197 --- [authenticationService] [http-nio-8005-exec-4] com.spring.controller.AuthController     : Token generated successfully for user: microhawk
2025-05-26T03:00:23.421+05:30  INFO 251197 --- [authenticationService] [http-nio-8005-exec-5] com.spring.controller.AuthController     : Token generation attempt for user: microhawk
2025-05-26T03:00:23.513+05:30  INFO 251197 --- [authenticationService] [http-nio-8005-exec-5] com.spring.service.AuthService           : Request received to generate token for username: microhawk
2025-05-26T03:00:23.514+05:30  INFO 251197 --- [authenticationService] [http-nio-8005-exec-5] com.spring.service.AuthService           : Token generated for username: microhawk
2025-05-26T03:00:23.514+05:30  INFO 251197 --- [authenticationService] [http-nio-8005-exec-5] com.spring.controller.AuthController     : Token generated successfully for user: microhawk
2025-05-26T03:04:44.249+05:30  INFO 251197 --- [authenticationService] [AsyncResolver-bootstrap-executor-%d] c.n.d.s.r.aws.ConfigClusterResolver      : Resolving eureka endpoints via configuration
2025-05-26T03:06:58.120+05:30  INFO 251197 --- [authenticationService] [http-nio-8005-exec-8] com.spring.controller.AuthController     : Token generation attempt for user: microhawk
2025-05-26T03:06:58.203+05:30  INFO 251197 --- [authenticationService] [http-nio-8005-exec-8] com.spring.service.AuthService           : Request received to generate token for username: microhawk
2025-05-26T03:06:58.204+05:30  INFO 251197 --- [authenticationService] [http-nio-8005-exec-8] com.spring.service.AuthService           : Token generated for username: microhawk
2025-05-26T03:06:58.204+05:30  INFO 251197 --- [authenticationService] [http-nio-8005-exec-8] com.spring.controller.AuthController     : Token generated successfully for user: microhawk
2025-05-26T03:09:44.250+05:30  INFO 251197 --- [authenticationService] [AsyncResolver-bootstrap-executor-%d] c.n.d.s.r.aws.ConfigClusterResolver      : Resolving eureka endpoints via configuration
2025-05-26T03:11:38.523+05:30  INFO 251197 --- [authenticationService] [http-nio-8005-exec-10] com.spring.controller.AuthController     : Token generation attempt for user: microhawk
2025-05-26T03:11:38.603+05:30  INFO 251197 --- [authenticationService] [http-nio-8005-exec-10] com.spring.service.AuthService           : Request received to generate token for username: microhawk
2025-05-26T03:11:38.604+05:30  INFO 251197 --- [authenticationService] [http-nio-8005-exec-10] com.spring.service.AuthService           : Token generated for username: microhawk
2025-05-26T03:11:38.604+05:30  INFO 251197 --- [authenticationService] [http-nio-8005-exec-10] com.spring.controller.AuthController     : Token generated successfully for user: microhawk
2025-05-26T03:13:15.976+05:30  INFO 251197 --- [authenticationService] [http-nio-8005-exec-2] com.spring.controller.AuthController     : Token generation attempt for user: microhawk
2025-05-26T03:13:16.056+05:30  INFO 251197 --- [authenticationService] [http-nio-8005-exec-2] com.spring.service.AuthService           : Request received to generate token for username: microhawk
2025-05-26T03:13:16.056+05:30  INFO 251197 --- [authenticationService] [http-nio-8005-exec-2] com.spring.service.AuthService           : Token generated for username: microhawk
2025-05-26T03:13:16.057+05:30  INFO 251197 --- [authenticationService] [http-nio-8005-exec-2] com.spring.controller.AuthController     : Token generated successfully for user: microhawk
2025-05-26T03:14:17.325+05:30  INFO 251197 --- [authenticationService] [http-nio-8005-exec-4] com.spring.controller.AuthController     : Token generation attempt for user: microhawk
2025-05-26T03:14:17.406+05:30  INFO 251197 --- [authenticationService] [http-nio-8005-exec-4] com.spring.service.AuthService           : Request received to generate token for username: microhawk
2025-05-26T03:14:17.406+05:30  INFO 251197 --- [authenticationService] [http-nio-8005-exec-4] com.spring.service.AuthService           : Token generated for username: microhawk
2025-05-26T03:14:17.406+05:30  INFO 251197 --- [authenticationService] [http-nio-8005-exec-4] com.spring.controller.AuthController     : Token generated successfully for user: microhawk
2025-05-26T03:14:44.251+05:30  INFO 251197 --- [authenticationService] [AsyncResolver-bootstrap-executor-%d] c.n.d.s.r.aws.ConfigClusterResolver      : Resolving eureka endpoints via configuration
2025-05-26T03:15:11.492+05:30  INFO 251197 --- [authenticationService] [http-nio-8005-exec-5] com.spring.controller.AuthController     : Token generation attempt for user: microhawk
2025-05-26T03:15:11.571+05:30  INFO 251197 --- [authenticationService] [http-nio-8005-exec-5] com.spring.service.AuthService           : Request received to generate token for username: microhawk
2025-05-26T03:15:11.572+05:30  INFO 251197 --- [authenticationService] [http-nio-8005-exec-5] com.spring.service.AuthService           : Token generated for username: microhawk
2025-05-26T03:15:11.572+05:30  INFO 251197 --- [authenticationService] [http-nio-8005-exec-5] com.spring.controller.AuthController     : Token generated successfully for user: microhawk
2025-05-26T03:17:13.801+05:30  INFO 251197 --- [authenticationService] [http-nio-8005-exec-7] com.spring.controller.AuthController     : Token generation attempt for user: microhawk
2025-05-26T03:17:13.881+05:30 ERROR 251197 --- [authenticationService] [http-nio-8005-exec-7] com.spring.controller.AuthController     : Error generating token for user microhawk: Bad credentials
2025-05-26T03:17:17.263+05:30  INFO 251197 --- [authenticationService] [http-nio-8005-exec-8] com.spring.controller.AuthController     : Token generation attempt for user: microhawk
2025-05-26T03:17:17.340+05:30 ERROR 251197 --- [authenticationService] [http-nio-8005-exec-8] com.spring.controller.AuthController     : Error generating token for user microhawk: Bad credentials
2025-05-26T03:17:23.247+05:30  INFO 251197 --- [authenticationService] [http-nio-8005-exec-9] com.spring.controller.AuthController     : Token generation attempt for user: microhawk
2025-05-26T03:17:23.336+05:30 ERROR 251197 --- [authenticationService] [http-nio-8005-exec-9] com.spring.controller.AuthController     : Error generating token for user microhawk: Bad credentials
2025-05-26T03:18:37.189+05:30  INFO 251197 --- [authenticationService] [http-nio-8005-exec-1] com.spring.controller.AuthController     : Token generation attempt for user: microhawk
2025-05-26T03:18:37.270+05:30  INFO 251197 --- [authenticationService] [http-nio-8005-exec-1] com.spring.service.AuthService           : Request received to generate token for username: microhawk
2025-05-26T03:18:37.270+05:30  INFO 251197 --- [authenticationService] [http-nio-8005-exec-1] com.spring.service.AuthService           : Token generated for username: microhawk
2025-05-26T03:18:37.271+05:30  INFO 251197 --- [authenticationService] [http-nio-8005-exec-1] com.spring.controller.AuthController     : Token generated successfully for user: microhawk
2025-05-26T03:19:44.251+05:30  INFO 251197 --- [authenticationService] [AsyncResolver-bootstrap-executor-%d] c.n.d.s.r.aws.ConfigClusterResolver      : Resolving eureka endpoints via configuration
2025-05-26T03:20:54.004+05:30  INFO 251197 --- [authenticationService] [http-nio-8005-exec-3] com.spring.controller.AuthController     : Token generation attempt for user: microhawk
2025-05-26T03:20:54.086+05:30  INFO 251197 --- [authenticationService] [http-nio-8005-exec-3] com.spring.service.AuthService           : Request received to generate token for username: microhawk
2025-05-26T03:20:54.087+05:30  INFO 251197 --- [authenticationService] [http-nio-8005-exec-3] com.spring.service.AuthService           : Token generated for username: microhawk
2025-05-26T03:20:54.087+05:30  INFO 251197 --- [authenticationService] [http-nio-8005-exec-3] com.spring.controller.AuthController     : Token generated successfully for user: microhawk
2025-05-26T03:24:44.251+05:30  INFO 251197 --- [authenticationService] [AsyncResolver-bootstrap-executor-%d] c.n.d.s.r.aws.ConfigClusterResolver      : Resolving eureka endpoints via configuration
2025-05-26T03:27:18.980+05:30  INFO 251197 --- [authenticationService] [http-nio-8005-exec-6] c.s.controller.DepartmentController      : Fetching list of departments.
2025-05-26T03:27:19.013+05:30  INFO 251197 --- [authenticationService] [http-nio-8005-exec-6] c.s.controller.DepartmentController      : Fetched 0 departments.
2025-05-26T03:27:59.143+05:30  INFO 251197 --- [authenticationService] [http-nio-8005-exec-8] c.s.controller.DepartmentController      : Fetching list of departments.
2025-05-26T03:27:59.159+05:30  INFO 251197 --- [authenticationService] [http-nio-8005-exec-8] c.s.controller.DepartmentController      : Fetched 0 departments.
2025-05-26T03:28:24.545+05:30  INFO 251197 --- [authenticationService] [http-nio-8005-exec-9] c.s.controller.DepartmentController      : Fetching list of departments.
2025-05-26T03:28:24.559+05:30  INFO 251197 --- [authenticationService] [http-nio-8005-exec-9] c.s.controller.DepartmentController      : Fetched 0 departments.
2025-05-26T03:29:44.252+05:30  INFO 251197 --- [authenticationService] [AsyncResolver-bootstrap-executor-%d] c.n.d.s.r.aws.ConfigClusterResolver      : Resolving eureka endpoints via configuration
2025-05-26T03:31:12.516+05:30  INFO 251197 --- [authenticationService] [SpringApplicationShutdownHook] o.s.c.n.e.s.EurekaServiceRegistry        : Unregistering application AUTHENTICATIONSERVICE with eureka with status DOWN
2025-05-26T03:31:12.516+05:30  INFO 251197 --- [authenticationService] [SpringApplicationShutdownHook] com.netflix.discovery.DiscoveryClient    : Saw local status change event StatusChangeEvent [timestamp=1748210472516, current=DOWN, previous=UP]
2025-05-26T03:31:12.516+05:30  INFO 251197 --- [authenticationService] [DiscoveryClient-InstanceInfoReplicator-%d] com.netflix.discovery.DiscoveryClient    : DiscoveryClient_AUTHENTICATIONSERVICE/192.168.1.13:authenticationService:8005: registering service...
2025-05-26T03:31:12.518+05:30  INFO 251197 --- [authenticationService] [SpringApplicationShutdownHook] o.s.b.w.e.tomcat.GracefulShutdown        : Commencing graceful shutdown. Waiting for active requests to complete
2025-05-26T03:31:12.520+05:30  INFO 251197 --- [authenticationService] [tomcat-shutdown] o.s.b.w.e.tomcat.GracefulShutdown        : Graceful shutdown complete
2025-05-26T03:31:12.523+05:30  INFO 251197 --- [authenticationService] [DiscoveryClient-InstanceInfoReplicator-%d] c.n.d.s.t.d.RedirectingEurekaHttpClient  : Request execution error. endpoint=DefaultEndpoint{ serviceUrl='http://localhost:8761/eureka/} exception=I/O error on POST request for "http://localhost:8761/eureka/apps/AUTHENTICATIONSERVICE": Connect to http://localhost:8761 [localhost/127.0.0.1, localhost/0:0:0:0:0:0:0:1] failed: Connection refused stacktrace=org.springframework.web.client.ResourceAccessException: I/O error on POST request for "http://localhost:8761/eureka/apps/AUTHENTICATIONSERVICE": Connect to http://localhost:8761 [localhost/127.0.0.1, localhost/0:0:0:0:0:0:0:1] failed: Connection refused
	at org.springframework.web.client.RestTemplate.createResourceAccessException(RestTemplate.java:926)
	at org.springframework.web.client.RestTemplate.doExecute(RestTemplate.java:906)
	at org.springframework.web.client.RestTemplate.execute(RestTemplate.java:841)
	at org.springframework.web.client.RestTemplate.exchange(RestTemplate.java:702)
	at org.springframework.cloud.netflix.eureka.http.RestTemplateEurekaHttpClient.register(RestTemplateEurekaHttpClient.java:87)
	at com.netflix.discovery.shared.transport.decorator.EurekaHttpClientDecorator$1.execute(EurekaHttpClientDecorator.java:59)
	at com.netflix.discovery.shared.transport.decorator.RedirectingEurekaHttpClient.execute(RedirectingEurekaHttpClient.java:91)
	at com.netflix.discovery.shared.transport.decorator.EurekaHttpClientDecorator.register(EurekaHttpClientDecorator.java:56)
	at com.netflix.discovery.shared.transport.decorator.EurekaHttpClientDecorator$1.execute(EurekaHttpClientDecorator.java:59)
	at com.netflix.discovery.shared.transport.decorator.RetryableEurekaHttpClient.execute(RetryableEurekaHttpClient.java:120)
	at com.netflix.discovery.shared.transport.decorator.EurekaHttpClientDecorator.register(EurekaHttpClientDecorator.java:56)
	at com.netflix.discovery.shared.transport.decorator.EurekaHttpClientDecorator$1.execute(EurekaHttpClientDecorator.java:59)
	at com.netflix.discovery.shared.transport.decorator.SessionedEurekaHttpClient.execute(SessionedEurekaHttpClient.java:76)
	at com.netflix.discovery.shared.transport.decorator.EurekaHttpClientDecorator.register(EurekaHttpClientDecorator.java:56)
	at com.netflix.discovery.DiscoveryClient.register(DiscoveryClient.java:828)
	at com.netflix.discovery.InstanceInfoReplicator.run(InstanceInfoReplicator.java:125)
	at com.netflix.discovery.InstanceInfoReplicator$2.run(InstanceInfoReplicator.java:105)
	at java.base/java.util.concurrent.Executors$RunnableAdapter.call(Executors.java:539)
	at java.base/java.util.concurrent.FutureTask.run(FutureTask.java:264)
	at java.base/java.util.concurrent.ScheduledThreadPoolExecutor$ScheduledFutureTask.run(ScheduledThreadPoolExecutor.java:304)
	at java.base/java.util.concurrent.ThreadPoolExecutor.runWorker(ThreadPoolExecutor.java:1136)
	at java.base/java.util.concurrent.ThreadPoolExecutor$Worker.run(ThreadPoolExecutor.java:635)
	at java.base/java.lang.Thread.run(Thread.java:840)
Caused by: org.apache.hc.client5.http.HttpHostConnectException: Connect to http://localhost:8761 [localhost/127.0.0.1, localhost/0:0:0:0:0:0:0:1] failed: Connection refused
	at java.base/sun.nio.ch.Net.pollConnect(Native Method)
	at java.base/sun.nio.ch.Net.pollConnectNow(Net.java:672)
	at java.base/sun.nio.ch.NioSocketImpl.timedFinishConnect(NioSocketImpl.java:547)
	at java.base/sun.nio.ch.NioSocketImpl.connect(NioSocketImpl.java:602)
	at java.base/java.net.SocksSocketImpl.connect(SocksSocketImpl.java:327)
	at java.base/java.net.Socket.connect(Socket.java:633)
	at org.apache.hc.client5.http.impl.io.DefaultHttpClientConnectionOperator.connect(DefaultHttpClientConnectionOperator.java:216)
	at org.apache.hc.client5.http.impl.io.PoolingHttpClientConnectionManager.connect(PoolingHttpClientConnectionManager.java:490)
	at org.apache.hc.client5.http.impl.classic.InternalExecRuntime.connectEndpoint(InternalExecRuntime.java:164)
	at org.apache.hc.client5.http.impl.classic.InternalExecRuntime.connectEndpoint(InternalExecRuntime.java:174)
	at org.apache.hc.client5.http.impl.classic.ConnectExec.execute(ConnectExec.java:144)
	at org.apache.hc.client5.http.impl.classic.ExecChainElement.execute(ExecChainElement.java:51)
	at org.apache.hc.client5.http.impl.classic.ProtocolExec.execute(ProtocolExec.java:192)
	at org.apache.hc.client5.http.impl.classic.ExecChainElement.execute(ExecChainElement.java:51)
	at org.apache.hc.client5.http.impl.classic.ContentCompressionExec.execute(ContentCompressionExec.java:150)
	at org.apache.hc.client5.http.impl.classic.ExecChainElement.execute(ExecChainElement.java:51)
	at org.apache.hc.client5.http.impl.classic.HttpRequestRetryExec.execute(HttpRequestRetryExec.java:113)
	at org.apache.hc.client5.http.impl.classic.ExecChainElement.execute(ExecChainElement.java:51)
	at org.apache.hc.client5.http.impl.classic.RedirectExec.execute(RedirectExec.java:110)
	at org.apache.hc.client5.http.impl.classic.ExecChainElement.execute(ExecChainElement.java:51)
	at org.apache.hc.client5.http.impl.classic.InternalHttpClient.doExecute(InternalHttpClient.java:174)
	at org.apache.hc.client5.http.impl.classic.CloseableHttpClient.execute(CloseableHttpClient.java:87)
	at org.apache.hc.client5.http.impl.classic.CloseableHttpClient.execute(CloseableHttpClient.java:55)
	at org.apache.hc.client5.http.classic.HttpClient.executeOpen(HttpClient.java:183)
	at org.springframework.http.client.HttpComponentsClientHttpRequest.executeInternal(HttpComponentsClientHttpRequest.java:99)
	at org.springframework.http.client.AbstractStreamingClientHttpRequest.executeInternal(AbstractStreamingClientHttpRequest.java:71)
	at org.springframework.http.client.AbstractClientHttpRequest.execute(AbstractClientHttpRequest.java:81)
	at org.springframework.http.client.InterceptingClientHttpRequest$InterceptingRequestExecution.execute(InterceptingClientHttpRequest.java:117)
	at org.springframework.cloud.netflix.eureka.http.RestTemplateTransportClientFactory.lambda$restTemplate$2(RestTemplateTransportClientFactory.java:145)
	at org.springframework.http.client.InterceptingClientHttpRequest$InterceptingRequestExecution.execute(InterceptingClientHttpRequest.java:88)
	at org.springframework.http.client.InterceptingClientHttpRequest.executeInternal(InterceptingClientHttpRequest.java:72)
	at org.springframework.http.client.AbstractBufferingClientHttpRequest.executeInternal(AbstractBufferingClientHttpRequest.java:48)
	at org.springframework.http.client.AbstractClientHttpRequest.execute(AbstractClientHttpRequest.java:81)
	at org.springframework.web.client.RestTemplate.doExecute(RestTemplate.java:900)
	... 21 more

2025-05-26T03:31:12.524+05:30  WARN 251197 --- [authenticationService] [DiscoveryClient-InstanceInfoReplicator-%d] c.n.d.s.t.d.RetryableEurekaHttpClient    : Request execution failed with message: I/O error on POST request for "http://localhost:8761/eureka/apps/AUTHENTICATIONSERVICE": Connect to http://localhost:8761 [localhost/127.0.0.1, localhost/0:0:0:0:0:0:0:1] failed: Connection refused
2025-05-26T03:31:12.525+05:30  INFO 251197 --- [authenticationService] [SpringApplicationShutdownHook] j.LocalContainerEntityManagerFactoryBean : Closing JPA EntityManagerFactory for persistence unit 'default'
2025-05-26T03:31:12.528+05:30  INFO 251197 --- [authenticationService] [SpringApplicationShutdownHook] com.zaxxer.hikari.HikariDataSource       : HikariPool-1 - Shutdown initiated...
2025-05-26T03:31:12.533+05:30  INFO 251197 --- [authenticationService] [DiscoveryClient-InstanceInfoReplicator-%d] c.n.d.s.t.d.RedirectingEurekaHttpClient  : Request execution error. endpoint=DefaultEndpoint{ serviceUrl='http://localhost:8761/eureka/}, exception=I/O error on POST request for "http://localhost:8761/eureka/apps/AUTHENTICATIONSERVICE": Connect to http://localhost:8761 [localhost/127.0.0.1, localhost/0:0:0:0:0:0:0:1] failed: Connection refused stacktrace=org.springframework.web.client.ResourceAccessException: I/O error on POST request for "http://localhost:8761/eureka/apps/AUTHENTICATIONSERVICE": Connect to http://localhost:8761 [localhost/127.0.0.1, localhost/0:0:0:0:0:0:0:1] failed: Connection refused
	at org.springframework.web.client.RestTemplate.createResourceAccessException(RestTemplate.java:926)
	at org.springframework.web.client.RestTemplate.doExecute(RestTemplate.java:906)
	at org.springframework.web.client.RestTemplate.execute(RestTemplate.java:841)
	at org.springframework.web.client.RestTemplate.exchange(RestTemplate.java:702)
	at org.springframework.cloud.netflix.eureka.http.RestTemplateEurekaHttpClient.register(RestTemplateEurekaHttpClient.java:87)
	at com.netflix.discovery.shared.transport.decorator.EurekaHttpClientDecorator$1.execute(EurekaHttpClientDecorator.java:59)
	at com.netflix.discovery.shared.transport.decorator.RedirectingEurekaHttpClient.executeOnNewServer(RedirectingEurekaHttpClient.java:121)
	at com.netflix.discovery.shared.transport.decorator.RedirectingEurekaHttpClient.execute(RedirectingEurekaHttpClient.java:80)
	at com.netflix.discovery.shared.transport.decorator.EurekaHttpClientDecorator.register(EurekaHttpClientDecorator.java:56)
	at com.netflix.discovery.shared.transport.decorator.EurekaHttpClientDecorator$1.execute(EurekaHttpClientDecorator.java:59)
	at com.netflix.discovery.shared.transport.decorator.RetryableEurekaHttpClient.execute(RetryableEurekaHttpClient.java:120)
	at com.netflix.discovery.shared.transport.decorator.EurekaHttpClientDecorator.register(EurekaHttpClientDecorator.java:56)
	at com.netflix.discovery.shared.transport.decorator.EurekaHttpClientDecorator$1.execute(EurekaHttpClientDecorator.java:59)
	at com.netflix.discovery.shared.transport.decorator.SessionedEurekaHttpClient.execute(SessionedEurekaHttpClient.java:76)
	at com.netflix.discovery.shared.transport.decorator.EurekaHttpClientDecorator.register(EurekaHttpClientDecorator.java:56)
	at com.netflix.discovery.DiscoveryClient.register(DiscoveryClient.java:828)
	at com.netflix.discovery.InstanceInfoReplicator.run(InstanceInfoReplicator.java:125)
	at com.netflix.discovery.InstanceInfoReplicator$2.run(InstanceInfoReplicator.java:105)
	at java.base/java.util.concurrent.Executors$RunnableAdapter.call(Executors.java:539)
	at java.base/java.util.concurrent.FutureTask.run(FutureTask.java:264)
	at java.base/java.util.concurrent.ScheduledThreadPoolExecutor$ScheduledFutureTask.run(ScheduledThreadPoolExecutor.java:304)
	at java.base/java.util.concurrent.ThreadPoolExecutor.runWorker(ThreadPoolExecutor.java:1136)
	at java.base/java.util.concurrent.ThreadPoolExecutor$Worker.run(ThreadPoolExecutor.java:635)
	at java.base/java.lang.Thread.run(Thread.java:840)
Caused by: org.apache.hc.client5.http.HttpHostConnectException: Connect to http://localhost:8761 [localhost/127.0.0.1, localhost/0:0:0:0:0:0:0:1] failed: Connection refused
	at java.base/sun.nio.ch.Net.pollConnect(Native Method)
	at java.base/sun.nio.ch.Net.pollConnectNow(Net.java:672)
	at java.base/sun.nio.ch.NioSocketImpl.timedFinishConnect(NioSocketImpl.java:547)
	at java.base/sun.nio.ch.NioSocketImpl.connect(NioSocketImpl.java:602)
	at java.base/java.net.SocksSocketImpl.connect(SocksSocketImpl.java:327)
	at java.base/java.net.Socket.connect(Socket.java:633)
	at org.apache.hc.client5.http.impl.io.DefaultHttpClientConnectionOperator.connect(DefaultHttpClientConnectionOperator.java:216)
	at org.apache.hc.client5.http.impl.io.PoolingHttpClientConnectionManager.connect(PoolingHttpClientConnectionManager.java:490)
	at org.apache.hc.client5.http.impl.classic.InternalExecRuntime.connectEndpoint(InternalExecRuntime.java:164)
	at org.apache.hc.client5.http.impl.classic.InternalExecRuntime.connectEndpoint(InternalExecRuntime.java:174)
	at org.apache.hc.client5.http.impl.classic.ConnectExec.execute(ConnectExec.java:144)
	at org.apache.hc.client5.http.impl.classic.ExecChainElement.execute(ExecChainElement.java:51)
	at org.apache.hc.client5.http.impl.classic.ProtocolExec.execute(ProtocolExec.java:192)
	at org.apache.hc.client5.http.impl.classic.ExecChainElement.execute(ExecChainElement.java:51)
	at org.apache.hc.client5.http.impl.classic.ContentCompressionExec.execute(ContentCompressionExec.java:150)
	at org.apache.hc.client5.http.impl.classic.ExecChainElement.execute(ExecChainElement.java:51)
	at org.apache.hc.client5.http.impl.classic.HttpRequestRetryExec.execute(HttpRequestRetryExec.java:113)
	at org.apache.hc.client5.http.impl.classic.ExecChainElement.execute(ExecChainElement.java:51)
	at org.apache.hc.client5.http.impl.classic.RedirectExec.execute(RedirectExec.java:110)
	at org.apache.hc.client5.http.impl.classic.ExecChainElement.execute(ExecChainElement.java:51)
	at org.apache.hc.client5.http.impl.classic.InternalHttpClient.doExecute(InternalHttpClient.java:174)
	at org.apache.hc.client5.http.impl.classic.CloseableHttpClient.execute(CloseableHttpClient.java:87)
	at org.apache.hc.client5.http.impl.classic.CloseableHttpClient.execute(CloseableHttpClient.java:55)
	at org.apache.hc.client5.http.classic.HttpClient.executeOpen(HttpClient.java:183)
	at org.springframework.http.client.HttpComponentsClientHttpRequest.executeInternal(HttpComponentsClientHttpRequest.java:99)
	at org.springframework.http.client.AbstractStreamingClientHttpRequest.executeInternal(AbstractStreamingClientHttpRequest.java:71)
	at org.springframework.http.client.AbstractClientHttpRequest.execute(AbstractClientHttpRequest.java:81)
	at org.springframework.http.client.InterceptingClientHttpRequest$InterceptingRequestExecution.execute(InterceptingClientHttpRequest.java:117)
	at org.springframework.cloud.netflix.eureka.http.RestTemplateTransportClientFactory.lambda$restTemplate$2(RestTemplateTransportClientFactory.java:145)
	at org.springframework.http.client.InterceptingClientHttpRequest$InterceptingRequestExecution.execute(InterceptingClientHttpRequest.java:88)
	at org.springframework.http.client.InterceptingClientHttpRequest.executeInternal(InterceptingClientHttpRequest.java:72)
	at org.springframework.http.client.AbstractBufferingClientHttpRequest.executeInternal(AbstractBufferingClientHttpRequest.java:48)
	at org.springframework.http.client.AbstractClientHttpRequest.execute(AbstractClientHttpRequest.java:81)
	at org.springframework.web.client.RestTemplate.doExecute(RestTemplate.java:900)
	... 22 more

2025-05-26T03:31:12.533+05:30  WARN 251197 --- [authenticationService] [DiscoveryClient-InstanceInfoReplicator-%d] c.n.d.s.t.d.RetryableEurekaHttpClient    : Request execution failed with message: I/O error on POST request for "http://localhost:8761/eureka/apps/AUTHENTICATIONSERVICE": Connect to http://localhost:8761 [localhost/127.0.0.1, localhost/0:0:0:0:0:0:0:1] failed: Connection refused
2025-05-26T03:31:12.535+05:30  INFO 251197 --- [authenticationService] [SpringApplicationShutdownHook] com.zaxxer.hikari.HikariDataSource       : HikariPool-1 - Shutdown completed.
2025-05-26T03:31:12.536+05:30  INFO 251197 --- [authenticationService] [SpringApplicationShutdownHook] com.netflix.discovery.DiscoveryClient    : Shutting down DiscoveryClient ...
2025-05-26T03:31:12.533+05:30  WARN 251197 --- [authenticationService] [DiscoveryClient-InstanceInfoReplicator-%d] com.netflix.discovery.DiscoveryClient    : DiscoveryClient_AUTHENTICATIONSERVICE/192.168.1.13:authenticationService:8005 - registration failed Cannot execute request on any known server

com.netflix.discovery.shared.transport.TransportException: Cannot execute request on any known server
	at com.netflix.discovery.shared.transport.decorator.RetryableEurekaHttpClient.execute(RetryableEurekaHttpClient.java:112) ~[eureka-client-2.0.4.jar:2.0.4]
	at com.netflix.discovery.shared.transport.decorator.EurekaHttpClientDecorator.register(EurekaHttpClientDecorator.java:56) ~[eureka-client-2.0.4.jar:2.0.4]
	at com.netflix.discovery.shared.transport.decorator.EurekaHttpClientDecorator$1.execute(EurekaHttpClientDecorator.java:59) ~[eureka-client-2.0.4.jar:2.0.4]
	at com.netflix.discovery.shared.transport.decorator.SessionedEurekaHttpClient.execute(SessionedEurekaHttpClient.java:76) ~[eureka-client-2.0.4.jar:2.0.4]
	at com.netflix.discovery.shared.transport.decorator.EurekaHttpClientDecorator.register(EurekaHttpClientDecorator.java:56) ~[eureka-client-2.0.4.jar:2.0.4]
	at com.netflix.discovery.DiscoveryClient.register(DiscoveryClient.java:828) ~[eureka-client-2.0.4.jar:2.0.4]
	at com.netflix.discovery.InstanceInfoReplicator.run(InstanceInfoReplicator.java:125) ~[eureka-client-2.0.4.jar:2.0.4]
	at com.netflix.discovery.InstanceInfoReplicator$2.run(InstanceInfoReplicator.java:105) ~[eureka-client-2.0.4.jar:2.0.4]
	at java.base/java.util.concurrent.Executors$RunnableAdapter.call(Executors.java:539) ~[na:na]
	at java.base/java.util.concurrent.FutureTask.run(FutureTask.java:264) ~[na:na]
	at java.base/java.util.concurrent.ScheduledThreadPoolExecutor$ScheduledFutureTask.run(ScheduledThreadPoolExecutor.java:304) ~[na:na]
	at java.base/java.util.concurrent.ThreadPoolExecutor.runWorker(ThreadPoolExecutor.java:1136) ~[na:na]
	at java.base/java.util.concurrent.ThreadPoolExecutor$Worker.run(ThreadPoolExecutor.java:635) ~[na:na]
	at java.base/java.lang.Thread.run(Thread.java:840) ~[na:na]

2025-05-26T03:31:12.539+05:30  WARN 251197 --- [authenticationService] [DiscoveryClient-InstanceInfoReplicator-%d] c.n.discovery.InstanceInfoReplicator     : There was a problem with the instance info replicator

com.netflix.discovery.shared.transport.TransportException: Cannot execute request on any known server
	at com.netflix.discovery.shared.transport.decorator.RetryableEurekaHttpClient.execute(RetryableEurekaHttpClient.java:112) ~[eureka-client-2.0.4.jar:2.0.4]
	at com.netflix.discovery.shared.transport.decorator.EurekaHttpClientDecorator.register(EurekaHttpClientDecorator.java:56) ~[eureka-client-2.0.4.jar:2.0.4]
	at com.netflix.discovery.shared.transport.decorator.EurekaHttpClientDecorator$1.execute(EurekaHttpClientDecorator.java:59) ~[eureka-client-2.0.4.jar:2.0.4]
	at com.netflix.discovery.shared.transport.decorator.SessionedEurekaHttpClient.execute(SessionedEurekaHttpClient.java:76) ~[eureka-client-2.0.4.jar:2.0.4]
	at com.netflix.discovery.shared.transport.decorator.EurekaHttpClientDecorator.register(EurekaHttpClientDecorator.java:56) ~[eureka-client-2.0.4.jar:2.0.4]
	at com.netflix.discovery.DiscoveryClient.register(DiscoveryClient.java:828) ~[eureka-client-2.0.4.jar:2.0.4]
	at com.netflix.discovery.InstanceInfoReplicator.run(InstanceInfoReplicator.java:125) ~[eureka-client-2.0.4.jar:2.0.4]
	at com.netflix.discovery.InstanceInfoReplicator$2.run(InstanceInfoReplicator.java:105) ~[eureka-client-2.0.4.jar:2.0.4]
	at java.base/java.util.concurrent.Executors$RunnableAdapter.call(Executors.java:539) ~[na:na]
	at java.base/java.util.concurrent.FutureTask.run(FutureTask.java:264) ~[na:na]
	at java.base/java.util.concurrent.ScheduledThreadPoolExecutor$ScheduledFutureTask.run(ScheduledThreadPoolExecutor.java:304) ~[na:na]
	at java.base/java.util.concurrent.ThreadPoolExecutor.runWorker(ThreadPoolExecutor.java:1136) ~[na:na]
	at java.base/java.util.concurrent.ThreadPoolExecutor$Worker.run(ThreadPoolExecutor.java:635) ~[na:na]
	at java.base/java.lang.Thread.run(Thread.java:840) ~[na:na]

2025-05-26T03:31:12.541+05:30  INFO 251197 --- [authenticationService] [SpringApplicationShutdownHook] com.netflix.discovery.DiscoveryClient    : Unregistering ...
2025-05-26T03:31:12.548+05:30  INFO 251197 --- [authenticationService] [SpringApplicationShutdownHook] c.n.d.s.t.d.RedirectingEurekaHttpClient  : Request execution error. endpoint=DefaultEndpoint{ serviceUrl='http://localhost:8761/eureka/}, exception=I/O error on DELETE request for "http://localhost:8761/eureka/apps/AUTHENTICATIONSERVICE/192.168.1.13:authenticationService:8005": Connect to http://localhost:8761 [localhost/127.0.0.1, localhost/0:0:0:0:0:0:0:1] failed: Connection refused stacktrace=org.springframework.web.client.ResourceAccessException: I/O error on DELETE request for "http://localhost:8761/eureka/apps/AUTHENTICATIONSERVICE/192.168.1.13:authenticationService:8005": Connect to http://localhost:8761 [localhost/127.0.0.1, localhost/0:0:0:0:0:0:0:1] failed: Connection refused
	at org.springframework.web.client.RestTemplate.createResourceAccessException(RestTemplate.java:926)
	at org.springframework.web.client.RestTemplate.doExecute(RestTemplate.java:906)
	at org.springframework.web.client.RestTemplate.execute(RestTemplate.java:841)
	at org.springframework.web.client.RestTemplate.exchange(RestTemplate.java:702)
	at org.springframework.cloud.netflix.eureka.http.RestTemplateEurekaHttpClient.cancel(RestTemplateEurekaHttpClient.java:100)
	at com.netflix.discovery.shared.transport.decorator.EurekaHttpClientDecorator$2.execute(EurekaHttpClientDecorator.java:74)
	at com.netflix.discovery.shared.transport.decorator.RedirectingEurekaHttpClient.executeOnNewServer(RedirectingEurekaHttpClient.java:121)
	at com.netflix.discovery.shared.transport.decorator.RedirectingEurekaHttpClient.execute(RedirectingEurekaHttpClient.java:80)
	at com.netflix.discovery.shared.transport.decorator.EurekaHttpClientDecorator.cancel(EurekaHttpClientDecorator.java:71)
	at com.netflix.discovery.shared.transport.decorator.EurekaHttpClientDecorator$2.execute(EurekaHttpClientDecorator.java:74)
	at com.netflix.discovery.shared.transport.decorator.RetryableEurekaHttpClient.execute(RetryableEurekaHttpClient.java:120)
	at com.netflix.discovery.shared.transport.decorator.EurekaHttpClientDecorator.cancel(EurekaHttpClientDecorator.java:71)
	at com.netflix.discovery.shared.transport.decorator.EurekaHttpClientDecorator$2.execute(EurekaHttpClientDecorator.java:74)
	at com.netflix.discovery.shared.transport.decorator.SessionedEurekaHttpClient.execute(SessionedEurekaHttpClient.java:76)
	at com.netflix.discovery.shared.transport.decorator.EurekaHttpClientDecorator.cancel(EurekaHttpClientDecorator.java:71)
	at com.netflix.discovery.DiscoveryClient.unregister(DiscoveryClient.java:919)
	at com.netflix.discovery.DiscoveryClient.shutdown(DiscoveryClient.java:900)
	at java.base/jdk.internal.reflect.NativeMethodAccessorImpl.invoke0(Native Method)
	at java.base/jdk.internal.reflect.NativeMethodAccessorImpl.invoke(NativeMethodAccessorImpl.java:77)
	at java.base/jdk.internal.reflect.DelegatingMethodAccessorImpl.invoke(DelegatingMethodAccessorImpl.java:43)
	at java.base/java.lang.reflect.Method.invoke(Method.java:569)
	at org.springframework.beans.factory.annotation.InitDestroyAnnotationBeanPostProcessor$LifecycleMethod.invoke(InitDestroyAnnotationBeanPostProcessor.java:457)
	at org.springframework.beans.factory.annotation.InitDestroyAnnotationBeanPostProcessor$LifecycleMetadata.invokeDestroyMethods(InitDestroyAnnotationBeanPostProcessor.java:415)
	at org.springframework.beans.factory.annotation.InitDestroyAnnotationBeanPostProcessor.postProcessBeforeDestruction(InitDestroyAnnotationBeanPostProcessor.java:239)
	at org.springframework.beans.factory.support.DisposableBeanAdapter.destroy(DisposableBeanAdapter.java:202)
	at org.springframework.beans.factory.support.DisposableBeanAdapter.run(DisposableBeanAdapter.java:195)
	at org.springframework.cloud.context.scope.GenericScope$BeanLifecycleWrapper.destroy(GenericScope.java:389)
	at org.springframework.cloud.context.scope.GenericScope.destroy(GenericScope.java:136)
	at org.springframework.beans.factory.support.DisposableBeanAdapter.destroy(DisposableBeanAdapter.java:211)
	at org.springframework.beans.factory.support.DefaultSingletonBeanRegistry.destroyBean(DefaultSingletonBeanRegistry.java:745)
	at org.springframework.beans.factory.support.DefaultSingletonBeanRegistry.destroySingleton(DefaultSingletonBeanRegistry.java:702)
	at org.springframework.beans.factory.support.DefaultListableBeanFactory.destroySingleton(DefaultListableBeanFactory.java:1401)
	at org.springframework.beans.factory.support.DefaultSingletonBeanRegistry.destroySingletons(DefaultSingletonBeanRegistry.java:661)
	at org.springframework.beans.factory.support.DefaultListableBeanFactory.destroySingletons(DefaultListableBeanFactory.java:1394)
	at org.springframework.context.support.AbstractApplicationContext.destroyBeans(AbstractApplicationContext.java:1219)
	at org.springframework.context.support.AbstractApplicationContext.doClose(AbstractApplicationContext.java:1180)
	at org.springframework.boot.web.servlet.context.ServletWebServerApplicationContext.doClose(ServletWebServerApplicationContext.java:179)
	at org.springframework.context.support.AbstractApplicationContext.close(AbstractApplicationContext.java:1126)
	at org.springframework.boot.SpringApplicationShutdownHook.closeAndWait(SpringApplicationShutdownHook.java:147)
	at java.base/java.lang.Iterable.forEach(Iterable.java:75)
	at org.springframework.boot.SpringApplicationShutdownHook.run(SpringApplicationShutdownHook.java:116)
	at java.base/java.lang.Thread.run(Thread.java:840)
Caused by: org.apache.hc.client5.http.HttpHostConnectException: Connect to http://localhost:8761 [localhost/127.0.0.1, localhost/0:0:0:0:0:0:0:1] failed: Connection refused
	at java.base/sun.nio.ch.Net.pollConnect(Native Method)
	at java.base/sun.nio.ch.Net.pollConnectNow(Net.java:672)
	at java.base/sun.nio.ch.NioSocketImpl.timedFinishConnect(NioSocketImpl.java:547)
	at java.base/sun.nio.ch.NioSocketImpl.connect(NioSocketImpl.java:602)
	at java.base/java.net.SocksSocketImpl.connect(SocksSocketImpl.java:327)
	at java.base/java.net.Socket.connect(Socket.java:633)
	at org.apache.hc.client5.http.impl.io.DefaultHttpClientConnectionOperator.connect(DefaultHttpClientConnectionOperator.java:216)
	at org.apache.hc.client5.http.impl.io.PoolingHttpClientConnectionManager.connect(PoolingHttpClientConnectionManager.java:490)
	at org.apache.hc.client5.http.impl.classic.InternalExecRuntime.connectEndpoint(InternalExecRuntime.java:164)
	at org.apache.hc.client5.http.impl.classic.InternalExecRuntime.connectEndpoint(InternalExecRuntime.java:174)
	at org.apache.hc.client5.http.impl.classic.ConnectExec.execute(ConnectExec.java:144)
	at org.apache.hc.client5.http.impl.classic.ExecChainElement.execute(ExecChainElement.java:51)
	at org.apache.hc.client5.http.impl.classic.ProtocolExec.execute(ProtocolExec.java:192)
	at org.apache.hc.client5.http.impl.classic.ExecChainElement.execute(ExecChainElement.java:51)
	at org.apache.hc.client5.http.impl.classic.ContentCompressionExec.execute(ContentCompressionExec.java:150)
	at org.apache.hc.client5.http.impl.classic.ExecChainElement.execute(ExecChainElement.java:51)
	at org.apache.hc.client5.http.impl.classic.HttpRequestRetryExec.execute(HttpRequestRetryExec.java:113)
	at org.apache.hc.client5.http.impl.classic.ExecChainElement.execute(ExecChainElement.java:51)
	at org.apache.hc.client5.http.impl.classic.RedirectExec.execute(RedirectExec.java:110)
	at org.apache.hc.client5.http.impl.classic.ExecChainElement.execute(ExecChainElement.java:51)
	at org.apache.hc.client5.http.impl.classic.InternalHttpClient.doExecute(InternalHttpClient.java:174)
	at org.apache.hc.client5.http.impl.classic.CloseableHttpClient.execute(CloseableHttpClient.java:87)
	at org.apache.hc.client5.http.impl.classic.CloseableHttpClient.execute(CloseableHttpClient.java:55)
	at org.apache.hc.client5.http.classic.HttpClient.executeOpen(HttpClient.java:183)
	at org.springframework.http.client.HttpComponentsClientHttpRequest.executeInternal(HttpComponentsClientHttpRequest.java:99)
	at org.springframework.http.client.AbstractStreamingClientHttpRequest.executeInternal(AbstractStreamingClientHttpRequest.java:71)
	at org.springframework.http.client.AbstractClientHttpRequest.execute(AbstractClientHttpRequest.java:81)
	at org.springframework.http.client.InterceptingClientHttpRequest$InterceptingRequestExecution.execute(InterceptingClientHttpRequest.java:117)
	at org.springframework.cloud.netflix.eureka.http.RestTemplateTransportClientFactory.lambda$restTemplate$2(RestTemplateTransportClientFactory.java:145)
	at org.springframework.http.client.InterceptingClientHttpRequest$InterceptingRequestExecution.execute(InterceptingClientHttpRequest.java:88)
	at org.springframework.http.client.InterceptingClientHttpRequest.executeInternal(InterceptingClientHttpRequest.java:72)
	at org.springframework.http.client.AbstractBufferingClientHttpRequest.executeInternal(AbstractBufferingClientHttpRequest.java:48)
	at org.springframework.http.client.AbstractClientHttpRequest.execute(AbstractClientHttpRequest.java:81)
	at org.springframework.web.client.RestTemplate.doExecute(RestTemplate.java:900)
	... 40 more

2025-05-26T03:31:12.549+05:30  WARN 251197 --- [authenticationService] [SpringApplicationShutdownHook] c.n.d.s.t.d.RetryableEurekaHttpClient    : Request execution failed with message: I/O error on DELETE request for "http://localhost:8761/eureka/apps/AUTHENTICATIONSERVICE/192.168.1.13:authenticationService:8005": Connect to http://localhost:8761 [localhost/127.0.0.1, localhost/0:0:0:0:0:0:0:1] failed: Connection refused
2025-05-26T03:31:12.549+05:30 ERROR 251197 --- [authenticationService] [SpringApplicationShutdownHook] com.netflix.discovery.DiscoveryClient    : DiscoveryClient_AUTHENTICATIONSERVICE/192.168.1.13:authenticationService:8005 - de-registration failedCannot execute request on any known server

com.netflix.discovery.shared.transport.TransportException: Cannot execute request on any known server
	at com.netflix.discovery.shared.transport.decorator.RetryableEurekaHttpClient.execute(RetryableEurekaHttpClient.java:112) ~[eureka-client-2.0.4.jar:2.0.4]
	at com.netflix.discovery.shared.transport.decorator.EurekaHttpClientDecorator.cancel(EurekaHttpClientDecorator.java:71) ~[eureka-client-2.0.4.jar:2.0.4]
	at com.netflix.discovery.shared.transport.decorator.EurekaHttpClientDecorator$2.execute(EurekaHttpClientDecorator.java:74) ~[eureka-client-2.0.4.jar:2.0.4]
	at com.netflix.discovery.shared.transport.decorator.SessionedEurekaHttpClient.execute(SessionedEurekaHttpClient.java:76) ~[eureka-client-2.0.4.jar:2.0.4]
	at com.netflix.discovery.shared.transport.decorator.EurekaHttpClientDecorator.cancel(EurekaHttpClientDecorator.java:71) ~[eureka-client-2.0.4.jar:2.0.4]
	at com.netflix.discovery.DiscoveryClient.unregister(DiscoveryClient.java:919) ~[eureka-client-2.0.4.jar:2.0.4]
	at com.netflix.discovery.DiscoveryClient.shutdown(DiscoveryClient.java:900) ~[eureka-client-2.0.4.jar:2.0.4]
	at java.base/jdk.internal.reflect.NativeMethodAccessorImpl.invoke0(Native Method) ~[na:na]
	at java.base/jdk.internal.reflect.NativeMethodAccessorImpl.invoke(NativeMethodAccessorImpl.java:77) ~[na:na]
	at java.base/jdk.internal.reflect.DelegatingMethodAccessorImpl.invoke(DelegatingMethodAccessorImpl.java:43) ~[na:na]
	at java.base/java.lang.reflect.Method.invoke(Method.java:569) ~[na:na]
	at org.springframework.beans.factory.annotation.InitDestroyAnnotationBeanPostProcessor$LifecycleMethod.invoke(InitDestroyAnnotationBeanPostProcessor.java:457) ~[spring-beans-6.2.5.jar:6.2.5]
	at org.springframework.beans.factory.annotation.InitDestroyAnnotationBeanPostProcessor$LifecycleMetadata.invokeDestroyMethods(InitDestroyAnnotationBeanPostProcessor.java:415) ~[spring-beans-6.2.5.jar:6.2.5]
	at org.springframework.beans.factory.annotation.InitDestroyAnnotationBeanPostProcessor.postProcessBeforeDestruction(InitDestroyAnnotationBeanPostProcessor.java:239) ~[spring-beans-6.2.5.jar:6.2.5]
	at org.springframework.beans.factory.support.DisposableBeanAdapter.destroy(DisposableBeanAdapter.java:202) ~[spring-beans-6.2.5.jar:6.2.5]
	at org.springframework.beans.factory.support.DisposableBeanAdapter.run(DisposableBeanAdapter.java:195) ~[spring-beans-6.2.5.jar:6.2.5]
	at org.springframework.cloud.context.scope.GenericScope$BeanLifecycleWrapper.destroy(GenericScope.java:389) ~[spring-cloud-context-4.2.1.jar:4.2.1]
	at org.springframework.cloud.context.scope.GenericScope.destroy(GenericScope.java:136) ~[spring-cloud-context-4.2.1.jar:4.2.1]
	at org.springframework.beans.factory.support.DisposableBeanAdapter.destroy(DisposableBeanAdapter.java:211) ~[spring-beans-6.2.5.jar:6.2.5]
	at org.springframework.beans.factory.support.DefaultSingletonBeanRegistry.destroyBean(DefaultSingletonBeanRegistry.java:745) ~[spring-beans-6.2.5.jar:6.2.5]
	at org.springframework.beans.factory.support.DefaultSingletonBeanRegistry.destroySingleton(DefaultSingletonBeanRegistry.java:702) ~[spring-beans-6.2.5.jar:6.2.5]
	at org.springframework.beans.factory.support.DefaultListableBeanFactory.destroySingleton(DefaultListableBeanFactory.java:1401) ~[spring-beans-6.2.5.jar:6.2.5]
	at org.springframework.beans.factory.support.DefaultSingletonBeanRegistry.destroySingletons(DefaultSingletonBeanRegistry.java:661) ~[spring-beans-6.2.5.jar:6.2.5]
	at org.springframework.beans.factory.support.DefaultListableBeanFactory.destroySingletons(DefaultListableBeanFactory.java:1394) ~[spring-beans-6.2.5.jar:6.2.5]
	at org.springframework.context.support.AbstractApplicationContext.destroyBeans(AbstractApplicationContext.java:1219) ~[spring-context-6.2.5.jar:6.2.5]
	at org.springframework.context.support.AbstractApplicationContext.doClose(AbstractApplicationContext.java:1180) ~[spring-context-6.2.5.jar:6.2.5]
	at org.springframework.boot.web.servlet.context.ServletWebServerApplicationContext.doClose(ServletWebServerApplicationContext.java:179) ~[spring-boot-3.4.4.jar:3.4.4]
	at org.springframework.context.support.AbstractApplicationContext.close(AbstractApplicationContext.java:1126) ~[spring-context-6.2.5.jar:6.2.5]
	at org.springframework.boot.SpringApplicationShutdownHook.closeAndWait(SpringApplicationShutdownHook.java:147) ~[spring-boot-3.4.4.jar:3.4.4]
	at java.base/java.lang.Iterable.forEach(Iterable.java:75) ~[na:na]
	at org.springframework.boot.SpringApplicationShutdownHook.run(SpringApplicationShutdownHook.java:116) ~[spring-boot-3.4.4.jar:3.4.4]
	at java.base/java.lang.Thread.run(Thread.java:840) ~[na:na]

2025-05-26T03:31:12.550+05:30  INFO 251197 --- [authenticationService] [SpringApplicationShutdownHook] com.netflix.discovery.DiscoveryClient    : Completed shut down of DiscoveryClient
